[27-Oct-2020 18:26:20] NOTICE: fpm is running, pid 71242
[27-Oct-2020 18:26:20] NOTICE: ready to handle connections
[27-Oct-2020 18:28:07] NOTICE: Terminating ...
[27-Oct-2020 18:28:07] NOTICE: Terminating ...
[27-Oct-2020 18:28:07] NOTICE: exiting, bye-bye!
[27-Oct-2020 18:37:40] NOTICE: fpm is running, pid 71557
[27-Oct-2020 18:37:40] NOTICE: ready to handle connections
[27-Oct-2020 18:42:45] NOTICE: Terminating ...
[27-Oct-2020 18:42:45] NOTICE: Terminating ...
[27-Oct-2020 18:42:45] NOTICE: exiting, bye-bye!
[27-Oct-2020 18:43:51] NOTICE: fpm is running, pid 71766
[27-Oct-2020 18:43:51] NOTICE: ready to handle connections
[27-Oct-2020 19:17:05] NOTICE: Terminating ...
[27-Oct-2020 19:17:05] NOTICE: Terminating ...
[27-Oct-2020 19:17:05] NOTICE: exiting, bye-bye!
[01-Nov-2020 17:29:16] NOTICE: fpm is running, pid 85909
[01-Nov-2020 17:29:16] NOTICE: ready to handle connections
[01-Nov-2020 18:56:09] NOTICE: Terminating ...
[01-Nov-2020 18:56:09] NOTICE: Terminating ...
[01-Nov-2020 18:56:09] NOTICE: exiting, bye-bye!
